# JRE version: OpenJDK Runtime Environment (18.0.2.1+1) (build 18.0.2.1+1-1)
# Java VM: OpenJDK 64-Bit Server VM (18.0.2.1+1-1, mixed mode, sharing, tiered, compressed oops, compressed class ptrs, g1 gc, windows-amd64)
GC Precious Log:
 CardTable entry size: 512
 Card Set container configuration: InlinePtr #cards 5 size 8 Array Of Cards #cards 12 size 40 Howl #buckets 4 coarsen threshold 1843 Howl Bitmap #cards 512 size 80 coarsen threshold 460 Card regions per heap region 1 cards per card region 2048
 CPUs: 8 total, 8 available
 Memory: 8079M
 Large Page Support: Disabled
 NUMA Support: Disabled
 Compressed Oops: Enabled (32-bit)
 Heap Region Size: 1M
 Heap Min Capacity: 8M
 Heap Initial Capacity: 128M
 Heap Max Capacity: 2020M
 Pre-touch: Disabled
 Parallel Workers: 8
 Concurrent Workers: 2
 Concurrent Refinement Workers: 8
 Periodic GC: Disabled
Heap:
 garbage-first heap   total 378880K, used 141152K [0x0000000081c00000, 0x0000000100000000)
  region size 1024K, 2 young (2048K), 2 survivors (2048K)
 Metaspace       used 11755K, committed 11968K, reserved 1114112K
  class space    used 1318K, committed 1472K, reserved 1048576K
GC Heap History (20 events):
Event: 36.959 GC heap after
{Heap after GC invocations=7 (full 0):
 garbage-first heap   total 189440K, used 90408K [0x0000000081c00000, 0x0000000100000000)
  region size 1024K, 4 young (4096K), 4 survivors (4096K)
 Metaspace       used 11734K, committed 11904K, reserved 1114112K
  class space    used 1315K, committed 1408K, reserved 1048576K
}
Event: 37.166 GC heap before
{Heap before GC invocations=8 (full 0):
 garbage-first heap   total 189440K, used 124200K [0x0000000081c00000, 0x0000000100000000)
  region size 1024K, 37 young (37888K), 4 survivors (4096K)
 Metaspace       used 11755K, committed 11968K, reserved 1114112K
  class space    used 1318K, committed 1472K, reserved 1048576K
}
Event: 37.177 GC heap after
{Heap after GC invocations=9 (full 0):
 garbage-first heap   total 189440K, used 97280K [0x0000000081c00000, 0x0000000100000000)
  region size 1024K, 5 young (5120K), 5 survivors (5120K)
 Metaspace       used 11755K, committed 11968K, reserved 1114112K
  class space    used 1318K, committed 1472K, reserved 1048576K
}
Event: 37.205 GC heap before
{Heap before GC invocations=9 (full 0):
 garbage-first heap   total 189440K, used 130048K [0x0000000081c00000, 0x0000000100000000)
  region size 1024K, 37 young (37888K), 5 survivors (5120K)
 Metaspace       used 11755K, committed 11968K, reserved 1114112K
  class space    used 1318K, committed 1472K, reserved 1048576K
}
Event: 37.213 GC heap after
{Heap after GC invocations=10 (full 0):
 garbage-first heap   total 189440K, used 98303K [0x0000000081c00000, 0x0000000100000000)
  region size 1024K, 1 young (1024K), 1 survivors (1024K)
 Metaspace       used 11755K, committed 11968K, reserved 1114112K
  class space    used 1318K, committed 1472K, reserved 1048576K
}
Event: 37.244 GC heap before
{Heap before GC invocations=10 (full 0):
 garbage-first heap   total 189440K, used 135167K [0x0000000081c00000, 0x0000000100000000)
  region size 1024K, 37 young (37888K), 1 survivors (1024K)
 Metaspace       used 11755K, committed 11968K, reserved 1114112K
  class space    used 1318K, committed 1472K, reserved 1048576K
}
Event: 37.246 GC heap after
{Heap after GC invocations=11 (full 0):
 garbage-first heap   total 189440K, used 98225K [0x0000000081c00000, 0x0000000100000000)
  region size 1024K, 1 young (1024K), 1 survivors (1024K)
 Metaspace       used 11755K, committed 11968K, reserved 1114112K
  class space    used 1318K, committed 1472K, reserved 1048576K
}
Event: 37.268 GC heap before
{Heap before GC invocations=11 (full 0):
 garbage-first heap   total 189440K, used 139185K [0x0000000081c00000, 0x0000000100000000)
  region size 1024K, 41 young (41984K), 1 survivors (1024K)
 Metaspace       used 11755K, committed 11968K, reserved 1114112K
  class space    used 1318K, committed 1472K, reserved 1048576K
}
Event: 37.269 GC heap after
{Heap after GC invocations=12 (full 0):
 garbage-first heap   total 189440K, used 98166K [0x0000000081c00000, 0x0000000100000000)
  region size 1024K, 1 young (1024K), 1 survivors (1024K)
 Metaspace       used 11755K, committed 11968K, reserved 1114112K
  class space    used 1318K, committed 1472K, reserved 1048576K
}
Event: 37.283 GC heap before
{Heap before GC invocations=12 (full 0):
 garbage-first heap   total 189440K, used 116598K [0x0000000081c00000, 0x0000000100000000)
  region size 1024K, 19 young (19456K), 1 survivors (1024K)
 Metaspace       used 11755K, committed 11968K, reserved 1114112K
  class space    used 1318K, committed 1472K, reserved 1048576K
}
Event: 37.287 GC heap after
{Heap after GC invocations=13 (full 0):
 garbage-first heap   total 378880K, used 98151K [0x0000000081c00000, 0x0000000100000000)
  region size 1024K, 1 young (1024K), 1 survivors (1024K)
 Metaspace       used 11755K, committed 11968K, reserved 1114112K
  class space    used 1318K, committed 1472K, reserved 1048576K
}
Event: 37.321 GC heap before
{Heap before GC invocations=13 (full 0):
 garbage-first heap   total 378880K, used 118631K [0x0000000081c00000, 0x0000000100000000)
  region size 1024K, 21 young (21504K), 1 survivors (1024K)
 Metaspace       used 11755K, committed 11968K, reserved 1114112K
  class space    used 1318K, committed 1472K, reserved 1048576K
}
Event: 37.322 GC heap after
{Heap after GC invocations=14 (full 0):
 garbage-first heap   total 378880K, used 98150K [0x0000000081c00000, 0x0000000100000000)
  region size 1024K, 1 young (1024K), 1 survivors (1024K)
 Metaspace       used 11755K, committed 11968K, reserved 1114112K
  class space    used 1318K, committed 1472K, reserved 1048576K
}
Event: 37.408 GC heap before
{Heap before GC invocations=14 (full 0):
 garbage-first heap   total 378880K, used 127846K [0x0000000081c00000, 0x0000000100000000)
  region size 1024K, 24 young (24576K), 1 survivors (1024K)
 Metaspace       used 11755K, committed 11968K, reserved 1114112K
  class space    used 1318K, committed 1472K, reserved 1048576K
}
Event: 37.421 GC heap after
{Heap after GC invocations=15 (full 0):
 garbage-first heap   total 378880K, used 122892K [0x0000000081c00000, 0x0000000100000000)
  region size 1024K, 3 young (3072K), 3 survivors (3072K)
 Metaspace       used 11755K, committed 11968K, reserved 1114112K
  class space    used 1318K, committed 1472K, reserved 1048576K
}
Event: 37.476 GC heap before
{Heap before GC invocations=16 (full 0):
 garbage-first heap   total 378880K, used 138252K [0x0000000081c00000, 0x0000000100000000)
  region size 1024K, 18 young (18432K), 3 survivors (3072K)
 Metaspace       used 11755K, committed 11968K, reserved 1114112K
  class space    used 1318K, committed 1472K, reserved 1048576K
}
Event: 37.488 GC heap after
{Heap after GC invocations=17 (full 0):
 garbage-first heap   total 378880K, used 139264K [0x0000000081c00000, 0x0000000100000000)
  region size 1024K, 3 young (3072K), 3 survivors (3072K)
 Metaspace       used 11755K, committed 11968K, reserved 1114112K
  class space    used 1318K, committed 1472K, reserved 1048576K
}
Event: 37.507 GC heap before
{Heap before GC invocations=17 (full 0):
 garbage-first heap   total 378880K, used 154624K [0x0000000081c00000, 0x0000000100000000)
  region size 1024K, 18 young (18432K), 3 survivors (3072K)
 Metaspace       used 11755K, committed 11968K, reserved 1114112K
  class space    used 1318K, committed 1472K, reserved 1048576K
}
Event: 37.512 GC heap after
{Heap after GC invocations=18 (full 0):
 garbage-first heap   total 378880K, used 141220K [0x0000000081c00000, 0x0000000100000000)
  region size 1024K, 2 young (2048K), 2 survivors (2048K)
 Metaspace       used 11755K, committed 11968K, reserved 1114112K
  class space    used 1318K, committed 1472K, reserved 1048576K
}
Event: 37.645 GC heap before
{Heap before GC invocations=18 (full 0):
 garbage-first heap   total 378880K, used 224164K [0x0000000081c00000, 0x0000000100000000)
  region size 1024K, 83 young (84992K), 2 survivors (2048K)
 Metaspace       used 11755K, committed 11968K, reserved 1114112K
  class space    used 1318K, committed 1472K, reserved 1048576K
}

